# Logfile created on 2014-01-31 10:36:43 -0200 by logger.rb/44203
I, [2014-01-31T10:36:43.174406 #33408]  INFO -- : 0:  rake (10.1.1) from /Users/fredguth/.rvm/gems/ruby-2.1.0/specifications/rake-10.1.1.gemspec
I, [2014-01-31T10:36:46.436933 #33408]  INFO -- : 0:  safe_yaml (0.9.7) from /Users/fredguth/.rvm/gems/ruby-2.1.0/specifications/safe_yaml-0.9.7.gemspec
I, [2014-01-31T10:36:48.695984 #33408]  INFO -- : 0:  crack (0.4.1) from /Users/fredguth/.rvm/gems/ruby-2.1.0/specifications/crack-0.4.1.gemspec
I, [2014-01-31T10:37:09.525472 #33408]  INFO -- : 0:  libxml-ruby (2.7.0) from /Users/fredguth/.rvm/gems/ruby-2.1.0/specifications/libxml-ruby-2.7.0.gemspec
I, [2014-01-31T10:37:09.526230 #33408]  INFO -- : 0:  net-ssh (2.7.0) from /Users/fredguth/.rvm/gems/ruby-2.1.0/specifications/net-ssh-2.7.0.gemspec
I, [2014-01-31T10:37:11.858750 #33408]  INFO -- : 0:  net-sftp (2.1.2) from /Users/fredguth/.rvm/gems/ruby-2.1.0/specifications/net-sftp-2.1.2.gemspec
I, [2014-01-31T10:37:16.204003 #33408]  INFO -- : 0:  xml-mapping (0.9.1) from /Users/fredguth/.rvm/gems/ruby-2.1.0/specifications/xml-mapping-0.9.1.gemspec
I, [2014-01-31T10:37:18.354871 #33408]  INFO -- : 0:  xml-object (0.9.93) from /Users/fredguth/.rvm/gems/ruby-2.1.0/specifications/xml-object-0.9.93.gemspec
I, [2014-01-31T10:37:22.314959 #33408]  INFO -- : 0:  LitleOnline (8.18.0) from /Users/fredguth/.rvm/gems/ruby-2.1.0/specifications/LitleOnline-8.18.0.gemspec
I, [2014-01-31T10:37:22.315411 #33408]  INFO -- : 0:  i18n (0.6.9) from /Users/fredguth/.rvm/gems/ruby-2.1.0@global/specifications/i18n-0.6.9.gemspec
I, [2014-01-31T10:37:22.315721 #33408]  INFO -- : 0:  multi_json (1.8.4) from /Users/fredguth/.rvm/gems/ruby-2.1.0/specifications/multi_json-1.8.4.gemspec
I, [2014-01-31T10:37:26.210340 #33408]  INFO -- : 0:  activesupport (3.2.16) from /Users/fredguth/.rvm/gems/ruby-2.1.0/specifications/activesupport-3.2.16.gemspec
I, [2014-01-31T10:37:28.392507 #33408]  INFO -- : 0:  builder (3.0.4) from /Users/fredguth/.rvm/gems/ruby-2.1.0/specifications/builder-3.0.4.gemspec
I, [2014-01-31T10:37:30.464930 #33408]  INFO -- : 0:  activemodel (3.2.16) from /Users/fredguth/.rvm/gems/ruby-2.1.0/specifications/activemodel-3.2.16.gemspec
I, [2014-01-31T10:37:30.465487 #33408]  INFO -- : 0:  erubis (2.7.0) from /Users/fredguth/.rvm/gems/ruby-2.1.0@global/specifications/erubis-2.7.0.gemspec
I, [2014-01-31T10:37:32.508008 #33408]  INFO -- : 0:  journey (1.0.4) from /Users/fredguth/.rvm/gems/ruby-2.1.0/specifications/journey-1.0.4.gemspec
I, [2014-01-31T10:37:36.167538 #33408]  INFO -- : 0:  rack (1.4.5) from /Users/fredguth/.rvm/gems/ruby-2.1.0/specifications/rack-1.4.5.gemspec
I, [2014-01-31T10:37:39.450885 #33408]  INFO -- : 0:  rack-cache (1.2) from /Users/fredguth/.rvm/gems/ruby-2.1.0/specifications/rack-cache-1.2.gemspec
I, [2014-01-31T10:37:39.451366 #33408]  INFO -- : 0:  rack-test (0.6.2) from /Users/fredguth/.rvm/gems/ruby-2.1.0@global/specifications/rack-test-0.6.2.gemspec
I, [2014-01-31T10:37:39.451686 #33408]  INFO -- : 0:  hike (1.2.3) from /Users/fredguth/.rvm/gems/ruby-2.1.0@global/specifications/hike-1.2.3.gemspec
I, [2014-01-31T10:37:39.451993 #33408]  INFO -- : 0:  tilt (1.4.1) from /Users/fredguth/.rvm/gems/ruby-2.1.0@global/specifications/tilt-1.4.1.gemspec
I, [2014-01-31T10:37:42.227120 #33408]  INFO -- : 0:  sprockets (2.2.2) from /Users/fredguth/.rvm/gems/ruby-2.1.0/specifications/sprockets-2.2.2.gemspec
I, [2014-01-31T10:37:46.053446 #33408]  INFO -- : 0:  actionpack (3.2.16) from /Users/fredguth/.rvm/gems/ruby-2.1.0/specifications/actionpack-3.2.16.gemspec
I, [2014-01-31T10:37:46.054013 #33408]  INFO -- : 0:  mime-types (1.25.1) from /Users/fredguth/.rvm/gems/ruby-2.1.0@global/specifications/mime-types-1.25.1.gemspec
I, [2014-01-31T10:37:46.054348 #33408]  INFO -- : 0:  polyglot (0.3.3) from /Users/fredguth/.rvm/gems/ruby-2.1.0@global/specifications/polyglot-0.3.3.gemspec
I, [2014-01-31T10:37:46.054667 #33408]  INFO -- : 0:  treetop (1.4.15) from /Users/fredguth/.rvm/gems/ruby-2.1.0@global/specifications/treetop-1.4.15.gemspec
I, [2014-01-31T10:37:46.054980 #33408]  INFO -- : 0:  mail (2.5.4) from /Users/fredguth/.rvm/gems/ruby-2.1.0@global/specifications/mail-2.5.4.gemspec
I, [2014-01-31T10:37:48.632006 #33408]  INFO -- : 0:  actionmailer (3.2.16) from /Users/fredguth/.rvm/gems/ruby-2.1.0/specifications/actionmailer-3.2.16.gemspec
I, [2014-01-31T10:37:48.632485 #33408]  INFO -- : 0:  active_utils (2.0.1) from /Users/fredguth/.rvm/gems/ruby-2.1.0/specifications/active_utils-2.0.1.gemspec
I, [2014-01-31T10:37:48.632796 #33408]  INFO -- : 0:  json (1.8.1) from /Users/fredguth/.rvm/rubies/ruby-2.1.0/lib/ruby/gems/2.1.0/specifications/default/json-1.8.1.gemspec
I, [2014-01-31T10:37:50.830835 #33408]  INFO -- : 0:  money (5.0.0) from /Users/fredguth/.rvm/gems/ruby-2.1.0/specifications/money-5.0.0.gemspec
I, [2014-01-31T10:37:50.831364 #33408]  INFO -- : 0:  mini_portile (0.5.2) from /Users/fredguth/.rvm/gems/ruby-2.1.0/specifications/mini_portile-0.5.2.gemspec
I, [2014-01-31T10:37:50.831675 #33408]  INFO -- : 0:  nokogiri (1.6.1) from /Users/fredguth/.rvm/gems/ruby-2.1.0/specifications/nokogiri-1.6.1.gemspec
I, [2014-01-31T10:37:51.706981 #33408]  INFO -- : 0:  activemerchant (1.42.4) from /Users/fredguth/Dropbox/Work/active_merchant/activemerchant.gemspec
I, [2014-01-31T10:37:54.370718 #33408]  INFO -- : 0:  arel (3.0.3) from /Users/fredguth/.rvm/gems/ruby-2.1.0/specifications/arel-3.0.3.gemspec
I, [2014-01-31T10:37:54.373903 #33408]  INFO -- : 0:  tzinfo (0.3.38) from /Users/fredguth/.rvm/gems/ruby-2.1.0@global/specifications/tzinfo-0.3.38.gemspec
I, [2014-01-31T10:37:57.784033 #33408]  INFO -- : 0:  activerecord (3.2.16) from /Users/fredguth/.rvm/gems/ruby-2.1.0/specifications/activerecord-3.2.16.gemspec
I, [2014-01-31T10:38:00.462481 #33408]  INFO -- : 0:  activeresource (3.2.16) from /Users/fredguth/.rvm/gems/ruby-2.1.0/specifications/activeresource-3.2.16.gemspec
I, [2014-01-31T10:38:00.462967 #33408]  INFO -- : 0:  addressable (2.3.5) from /Users/fredguth/.rvm/gems/ruby-2.1.0/specifications/addressable-2.3.5.gemspec
I, [2014-01-31T10:38:00.463400 #33408]  INFO -- : 0:  braintree (2.28.0) from /Users/fredguth/.rvm/gems/ruby-2.1.0/specifications/braintree-2.28.0.gemspec
I, [2014-01-31T10:38:00.463763 #33408]  INFO -- : 0:  bundler (1.5.1) from /Users/fredguth/.rvm/gems/ruby-2.1.0@global/specifications/bundler-1.5.1.gemspec
I, [2014-01-31T10:38:02.336278 #33408]  INFO -- : 0:  daemons (1.0.10) from /Users/fredguth/.rvm/gems/ruby-2.1.0/specifications/daemons-1.0.10.gemspec
I, [2014-01-31T10:38:08.544428 #33408]  INFO -- : 0:  unf_ext (0.0.6) from /Users/fredguth/.rvm/gems/ruby-2.1.0/specifications/unf_ext-0.0.6.gemspec
I, [2014-01-31T10:38:10.983514 #33408]  INFO -- : 0:  unf (0.1.3) from /Users/fredguth/.rvm/gems/ruby-2.1.0/specifications/unf-0.1.3.gemspec
I, [2014-01-31T10:38:14.215785 #33408]  INFO -- : 0:  domain_name (0.5.15) from /Users/fredguth/.rvm/gems/ruby-2.1.0/specifications/domain_name-0.5.15.gemspec
I, [2014-01-31T10:38:16.811072 #33408]  INFO -- : 0:  gem_plugin (0.2.3) from /Users/fredguth/.rvm/gems/ruby-2.1.0/specifications/gem_plugin-0.2.3.gemspec
I, [2014-01-31T10:38:20.241630 #33408]  INFO -- : 0:  http-cookie (1.0.2) from /Users/fredguth/.rvm/gems/ruby-2.1.0/specifications/http-cookie-1.0.2.gemspec
I, [2014-01-31T10:38:22.986236 #33408]  INFO -- : 0:  launchy (2.4.2) from /Users/fredguth/.rvm/gems/ruby-2.1.0/specifications/launchy-2.4.2.gemspec
I, [2014-01-31T10:38:25.016556 #33408]  INFO -- : 0:  net-http-digest_auth (1.4) from /Users/fredguth/.rvm/gems/ruby-2.1.0/specifications/net-http-digest_auth-1.4.gemspec
I, [2014-01-31T10:38:27.468160 #33408]  INFO -- : 0:  net-http-persistent (2.9.1) from /Users/fredguth/.rvm/gems/ruby-2.1.0/specifications/net-http-persistent-2.9.1.gemspec
I, [2014-01-31T10:38:29.249076 #33408]  INFO -- : 0:  ntlm-http (0.1.1) from /Users/fredguth/.rvm/gems/ruby-2.1.0/specifications/ntlm-http-0.1.1.gemspec
I, [2014-01-31T10:38:31.564086 #33408]  INFO -- : 0:  webrobots (0.1.1) from /Users/fredguth/.rvm/gems/ruby-2.1.0/specifications/webrobots-0.1.1.gemspec
I, [2014-01-31T10:38:34.374226 #33408]  INFO -- : 0:  mechanize (2.7.2) from /Users/fredguth/.rvm/gems/ruby-2.1.0/specifications/mechanize-2.7.2.gemspec
I, [2014-01-31T10:38:36.114288 #33408]  INFO -- : 0:  metaclass (0.0.2) from /Users/fredguth/.rvm/gems/ruby-2.1.0/specifications/metaclass-0.0.2.gemspec
I, [2014-01-31T10:38:39.969309 #33408]  INFO -- : 0:  mocha (0.13.3) from /Users/fredguth/.rvm/gems/ruby-2.1.0/specifications/mocha-0.13.3.gemspec
I, [2014-01-31T10:38:42.945619 #33408]  INFO -- : 0:  mongrel (1.2.0.pre2) from /Users/fredguth/.rvm/gems/ruby-2.1.0/specifications/mongrel-1.2.0.pre2.gemspec
I, [2014-01-31T10:38:44.529679 #33408]  INFO -- : 0:  rack-ssl (1.3.3) from /Users/fredguth/.rvm/gems/ruby-2.1.0/specifications/rack-ssl-1.3.3.gemspec
I, [2014-01-31T10:38:44.530356 #33408]  INFO -- : 0:  rdoc (3.12.2) from /Users/fredguth/.rvm/gems/ruby-2.1.0/specifications/rdoc-3.12.2.gemspec
I, [2014-01-31T10:38:44.530975 #33408]  INFO -- : 0:  thor (0.18.1) from /Users/fredguth/.rvm/gems/ruby-2.1.0@global/specifications/thor-0.18.1.gemspec
I, [2014-01-31T10:38:50.008349 #33408]  INFO -- : 0:  railties (3.2.16) from /Users/fredguth/.rvm/gems/ruby-2.1.0/specifications/railties-3.2.16.gemspec
I, [2014-01-31T10:38:51.948558 #33408]  INFO -- : 0:  rails (3.2.16) from /Users/fredguth/.rvm/gems/ruby-2.1.0/specifications/rails-3.2.16.gemspec
I, [2014-01-31T10:38:53.776176 #33408]  INFO -- : 0:  samurai (0.4.0) from /Users/fredguth/.rvm/gems/ruby-2.1.0/specifications/samurai-0.4.0.gemspec
I, [2014-01-31T10:38:53.891681 #33408]  INFO -- : 0:  vindicia-api (0.0.2) from /Users/fredguth/.rvm/gems/ruby-2.1.0/bundler/gems/vindicia-api-4e78744c79cb/vindicia-api.gemspec
